<?xml version="1.0" encoding="UTF-8"?>
<testng-results ignored="0" total="1" passed="1" failed="0" skipped="0">
  <reporter-output>
  </reporter-output>
  <suite started-at="2023-05-02T08:27:09 IST" name="Default suite" finished-at="2023-05-02T08:29:21 IST" duration-ms="131836">
    <groups>
    </groups>
    <test started-at="2023-05-02T08:27:09 IST" name="Default test" finished-at="2023-05-02T08:29:21 IST" duration-ms="131836">
      <class name="com.spiecejet.tests.RoundTripTest">
        <test-method signature="roundTrip()[pri:0, instance:com.spiecejet.tests.RoundTripTest@54bff557]" started-at="2023-05-02T08:27:10 IST" name="roundTrip" finished-at="2023-05-02T08:29:21 IST" duration-ms="131460" status="PASS">
          <reporter-output>
          </reporter-output>
        </test-method> <!-- roundTrip -->
      </class> <!-- com.spiecejet.tests.RoundTripTest -->
    </test> <!-- Default test -->
  </suite> <!-- Default suite -->
</testng-results>
